srcscan starts
=============== Using vdb files for VHDL std libs ===========
INFO: The vhdl library search path for library "std" is now "C:/Xilinx/Vivado/2020.2/data/precomp_hsv/vhdl/std" (VHDL-1505)
INFO: The vhdl library search path for library "synopsys" is now "C:/Xilinx/Vivado/2020.2/data/precomp_hsv/vhdl/synopsys" (VHDL-1505)
INFO: The vhdl library search path for library "ieee" is now "C:/Xilinx/Vivado/2020.2/data/precomp_hsv/vhdl/ieee" (VHDL-1505)
INFO: The vhdl library search path for library "unimacro" is now "C:/Xilinx/Vivado/2020.2/data/precomp_hsv/vhdl/unimacro" (VHDL-1505)
INFO: The vhdl library search path for library "unisim" is now "C:/Xilinx/Vivado/2020.2/data/precomp_hsv/vhdl/unisim" (VHDL-1505)
INFO: The vhdl library search path for library "vl" is now "C:/Xilinx/Vivado/2020.2/data/precomp_hsv/vhdl/vl" (VHDL-1505)
INFO: The vhdl library search path for library "xpm" is now "C:/Xilinx/Vivado/2020.2/data/precomp_hsv/vhdl/xpm" (VHDL-1505)
INFO: analyzing module IR_transmission (VERI-9002)
INFO: analyzing module design_1_IR_transmission_18_0 (VERI-9002)
INFO: analyzing module design_1_IR_transmission_18_0_IR_transmission (VERI-9002)
INFO: analyzing module glbl (VERI-9002)
-- Analyzing VHDL file "c:/Users/azati/OneDrive/Desktop/Own_IR_Standard/FPGA_Part/Own_IR_transmitter/Own_IR_transmitter.gen/sources_1/bd/design_1/ip/design_1_IR_transmission_18_0/design_1_IR_transmission_18_0_sim_netlist.vhdl" into library xil_defaultlib (VHDL-9003)
INFO: analyzing entity 'design_1_IR_transmission_18_0_IR_transmission' (VHDL-1012)
INFO: analyzing architecture 'STRUCTURE' of entity 'design_1_ir_transmission_18_0_ir_transmission' (VHDL-9006)
INFO: analyzing entity 'design_1_IR_transmission_18_0' (VHDL-1012)
INFO: analyzing architecture 'STRUCTURE' of entity 'design_1_ir_transmission_18_0' (VHDL-9006)
Listing tops:
VeriTop library:xil_defaultlib mod:IR_transmission
VeriTop library:xil_defaultlib mod:design_1_IR_transmission_18_0
VeriTop library:xil_defaultlib mod:glbl
VHDLTop: library:xil_defaultlib entity:design_1_ir_transmission_18_0 arch:
VHDLTop: library:xil_defaultlib entity:design_1_ir_transmission_18_0 arch:
END of tops
C:/Users/azati/OneDrive/Desktop/Own_IR_Standard/FPGA_Part/Own_IR_transmitter/Own_IR_transmitter.srcs/sources_1/new/IR_transmission.v(1): INFO: compiling module 'IR_transmission_default' (VERI-1018)
c:/Users/azati/OneDrive/Desktop/Own_IR_Standard/FPGA_Part/Own_IR_transmitter/Own_IR_transmitter.gen/sources_1/bd/design_1/ip/design_1_IR_transmission_18_0/design_1_IR_transmission_18_0_sim_netlist.v(18): INFO: compiling module 'design_1_IR_transmission_18_0_default' (VERI-1018)
c:/Users/azati/OneDrive/Desktop/Own_IR_Standard/FPGA_Part/Own_IR_transmitter/Own_IR_transmitter.gen/sources_1/bd/design_1/ip/design_1_IR_transmission_18_0/design_1_IR_transmission_18_0_sim_netlist.v(2241): INFO: compiling module 'glbl_default' (VERI-1018)
c:/Users/azati/OneDrive/Desktop/Own_IR_Standard/FPGA_Part/Own_IR_transmitter/Own_IR_transmitter.gen/sources_1/bd/design_1/ip/design_1_IR_transmission_18_0/design_1_IR_transmission_18_0_sim_netlist.vhdl(2946): INFO: executing 'design_1_IR_transmission_18_0_default(STRUCTURE)' (VHDL-1067)
c:/Users/azati/OneDrive/Desktop/Own_IR_Standard/FPGA_Part/Own_IR_transmitter/Own_IR_transmitter.gen/sources_1/bd/design_1/ip/design_1_IR_transmission_18_0/design_1_IR_transmission_18_0_sim_netlist.vhdl(17): INFO: executing 'design_1_IR_transmission_18_0_IR_transmission_default(STRUCTURE)' (VHDL-1067)
srcscan exits with return value 0
