
*** Running vivado
    with args -log design_1_transmitt_parallel_0_1.vds -m64 -product Vivado -mode batch -messageDb vivado.pb -notrace -source design_1_transmitt_parallel_0_1.tcl



****** Vivado v2020.2.2 (64-bit)
  **** SW Build 3118627 on Tue Feb  9 05:14:06 MST 2021
  **** IP Build 3115676 on Tue Feb  9 10:48:11 MST 2021
    ** Copyright 1986-2021 Xilinx, Inc. All Rights Reserved.

source design_1_transmitt_parallel_0_1.tcl -notrace
create_project: Time (s): cpu = 00:00:05 ; elapsed = 00:00:05 . Memory (MB): peak = 1186.465 ; gain = 0.000
Command: synth_design -top design_1_transmitt_parallel_0_1 -part xc7z020clg400-1 -mode out_of_context
Starting synth_design
WARNING: [IP_Flow 19-3571] IP 'design_1_transmitt_parallel_0_1' is restricted:
* Module reference is stale and needs refreshing.
Attempting to get a license for feature 'Synthesis' and/or device 'xc7z020'
INFO: [Common 17-349] Got license for feature 'Synthesis' and/or device 'xc7z020'
INFO: [Device 21-403] Loading part xc7z020clg400-1
INFO: [Synth 8-7079] Multithreading enabled for synth_design using a maximum of 2 processes.
INFO: [Synth 8-7078] Launching helper process for spawning children vivado processes
INFO: [Synth 8-7075] Helper process launched with PID 27008
---------------------------------------------------------------------------------
Starting RTL Elaboration : Time (s): cpu = 00:00:12 ; elapsed = 00:00:14 . Memory (MB): peak = 1220.262 ; gain = 33.797
---------------------------------------------------------------------------------
INFO: [Synth 8-6157] synthesizing module 'design_1_transmitt_parallel_0_1' [c:/Users/azati/Own_IR_transmitter/Own_IR_transmitter.gen/sources_1/bd/design_1/ip/design_1_transmitt_parallel_0_1/synth/design_1_transmitt_parallel_0_1.v:58]
INFO: [Synth 8-6157] synthesizing module 'transmitt_parallel' [C:/Users/azati/Own_IR_transmitter/Own_IR_transmitter.srcs/sources_1/new/transmitt_parallel.v:23]
INFO: [Synth 8-6155] done synthesizing module 'transmitt_parallel' (1#1) [C:/Users/azati/Own_IR_transmitter/Own_IR_transmitter.srcs/sources_1/new/transmitt_parallel.v:23]
INFO: [Synth 8-6155] done synthesizing module 'design_1_transmitt_parallel_0_1' (2#1) [c:/Users/azati/Own_IR_transmitter/Own_IR_transmitter.gen/sources_1/bd/design_1/ip/design_1_transmitt_parallel_0_1/synth/design_1_transmitt_parallel_0_1.v:58]
---------------------------------------------------------------------------------
Finished RTL Elaboration : Time (s): cpu = 00:00:15 ; elapsed = 00:00:18 . Memory (MB): peak = 1273.926 ; gain = 87.461
---------------------------------------------------------------------------------
---------------------------------------------------------------------------------
Start Handling Custom Attributes
---------------------------------------------------------------------------------
---------------------------------------------------------------------------------
Finished Handling Custom Attributes : Time (s): cpu = 00:00:17 ; elapsed = 00:00:20 . Memory (MB): peak = 1273.926 ; gain = 87.461
---------------------------------------------------------------------------------
---------------------------------------------------------------------------------
Finished RTL Optimization Phase 1 : Time (s): cpu = 00:00:17 ; elapsed = 00:00:20 . Memory (MB): peak = 1273.926 ; gain = 87.461
---------------------------------------------------------------------------------
Netlist sorting complete. Time (s): cpu = 00:00:00 ; elapsed = 00:00:00 . Memory (MB): peak = 1273.926 ; gain = 0.000
INFO: [Project 1-570] Preparing netlist for logic optimization

Processing XDC Constraints
Initializing timing engine
Completed Processing XDC Constraints

Netlist sorting complete. Time (s): cpu = 00:00:00 ; elapsed = 00:00:00 . Memory (MB): peak = 1348.941 ; gain = 0.000
INFO: [Project 1-111] Unisim Transformation Summary:
No Unisim elements were transformed.

Constraint Validation Runtime : Time (s): cpu = 00:00:00 ; elapsed = 00:00:00.041 . Memory (MB): peak = 1348.941 ; gain = 0.000
---------------------------------------------------------------------------------
Finished Constraint Validation : Time (s): cpu = 00:00:29 ; elapsed = 00:00:33 . Memory (MB): peak = 1348.941 ; gain = 162.477
---------------------------------------------------------------------------------
---------------------------------------------------------------------------------
Start Loading Part and Timing Information
---------------------------------------------------------------------------------
Loading part: xc7z020clg400-1
---------------------------------------------------------------------------------
Finished Loading Part and Timing Information : Time (s): cpu = 00:00:29 ; elapsed = 00:00:33 . Memory (MB): peak = 1348.941 ; gain = 162.477
---------------------------------------------------------------------------------
---------------------------------------------------------------------------------
Start Applying 'set_property' XDC Constraints
---------------------------------------------------------------------------------
---------------------------------------------------------------------------------
Finished applying 'set_property' XDC Constraints : Time (s): cpu = 00:00:29 ; elapsed = 00:00:33 . Memory (MB): peak = 1348.941 ; gain = 162.477
---------------------------------------------------------------------------------
---------------------------------------------------------------------------------
Finished RTL Optimization Phase 2 : Time (s): cpu = 00:00:29 ; elapsed = 00:00:33 . Memory (MB): peak = 1348.941 ; gain = 162.477
---------------------------------------------------------------------------------
---------------------------------------------------------------------------------
Start RTL Component Statistics 
---------------------------------------------------------------------------------
Detailed RTL Component Info : 
+---Registers : 
	               10 Bit    Registers := 1     
---------------------------------------------------------------------------------
Finished RTL Component Statistics 
---------------------------------------------------------------------------------
---------------------------------------------------------------------------------
Start Part Resource Summary
---------------------------------------------------------------------------------
Part Resources:
DSPs: 220 (col length:60)
BRAMs: 280 (col length: RAMB18 60 RAMB36 30)
---------------------------------------------------------------------------------
Finished Part Resource Summary
---------------------------------------------------------------------------------
---------------------------------------------------------------------------------
Start Cross Boundary and Area Optimization
---------------------------------------------------------------------------------
---------------------------------------------------------------------------------
Finished Cross Boundary and Area Optimization : Time (s): cpu = 00:00:31 ; elapsed = 00:00:35 . Memory (MB): peak = 1348.941 ; gain = 162.477
---------------------------------------------------------------------------------
---------------------------------------------------------------------------------
Start Applying XDC Timing Constraints
---------------------------------------------------------------------------------
---------------------------------------------------------------------------------
Finished Applying XDC Timing Constraints : Time (s): cpu = 00:00:43 ; elapsed = 00:00:48 . Memory (MB): peak = 1348.941 ; gain = 162.477
---------------------------------------------------------------------------------
---------------------------------------------------------------------------------
Start Timing Optimization
---------------------------------------------------------------------------------
---------------------------------------------------------------------------------
Finished Timing Optimization : Time (s): cpu = 00:00:43 ; elapsed = 00:00:48 . Memory (MB): peak = 1348.941 ; gain = 162.477
---------------------------------------------------------------------------------
---------------------------------------------------------------------------------
Start Technology Mapping
---------------------------------------------------------------------------------
---------------------------------------------------------------------------------
Finished Technology Mapping : Time (s): cpu = 00:00:43 ; elapsed = 00:00:48 . Memory (MB): peak = 1362.180 ; gain = 175.715
---------------------------------------------------------------------------------
---------------------------------------------------------------------------------
Start IO Insertion
---------------------------------------------------------------------------------
---------------------------------------------------------------------------------
Start Flattening Before IO Insertion
---------------------------------------------------------------------------------
---------------------------------------------------------------------------------
Finished Flattening Before IO Insertion
---------------------------------------------------------------------------------
---------------------------------------------------------------------------------
Start Final Netlist Cleanup
---------------------------------------------------------------------------------
---------------------------------------------------------------------------------
Finished Final Netlist Cleanup
---------------------------------------------------------------------------------
---------------------------------------------------------------------------------
Finished IO Insertion : Time (s): cpu = 00:00:49 ; elapsed = 00:00:54 . Memory (MB): peak = 1368.969 ; gain = 182.504
---------------------------------------------------------------------------------
---------------------------------------------------------------------------------
Start Renaming Generated Instances
---------------------------------------------------------------------------------
---------------------------------------------------------------------------------
Finished Renaming Generated Instances : Time (s): cpu = 00:00:49 ; elapsed = 00:00:54 . Memory (MB): peak = 1368.969 ; gain = 182.504
---------------------------------------------------------------------------------
---------------------------------------------------------------------------------
Start Rebuilding User Hierarchy
---------------------------------------------------------------------------------
---------------------------------------------------------------------------------
Finished Rebuilding User Hierarchy : Time (s): cpu = 00:00:49 ; elapsed = 00:00:54 . Memory (MB): peak = 1368.969 ; gain = 182.504
---------------------------------------------------------------------------------
---------------------------------------------------------------------------------
Start Renaming Generated Ports
---------------------------------------------------------------------------------
---------------------------------------------------------------------------------
Finished Renaming Generated Ports : Time (s): cpu = 00:00:49 ; elapsed = 00:00:54 . Memory (MB): peak = 1368.969 ; gain = 182.504
---------------------------------------------------------------------------------
---------------------------------------------------------------------------------
Start Handling Custom Attributes
---------------------------------------------------------------------------------
---------------------------------------------------------------------------------
Finished Handling Custom Attributes : Time (s): cpu = 00:00:49 ; elapsed = 00:00:54 . Memory (MB): peak = 1368.969 ; gain = 182.504
---------------------------------------------------------------------------------
---------------------------------------------------------------------------------
Start Renaming Generated Nets
---------------------------------------------------------------------------------
---------------------------------------------------------------------------------
Finished Renaming Generated Nets : Time (s): cpu = 00:00:49 ; elapsed = 00:00:54 . Memory (MB): peak = 1368.969 ; gain = 182.504
---------------------------------------------------------------------------------
---------------------------------------------------------------------------------
Start Writing Synthesis Report
---------------------------------------------------------------------------------

Report BlackBoxes: 
+-+--------------+----------+
| |BlackBox name |Instances |
+-+--------------+----------+
+-+--------------+----------+

Report Cell Usage: 
+------+-----+------+
|      |Cell |Count |
+------+-----+------+
|1     |FDRE |    10|
+------+-----+------+
---------------------------------------------------------------------------------
Finished Writing Synthesis Report : Time (s): cpu = 00:00:49 ; elapsed = 00:00:54 . Memory (MB): peak = 1368.969 ; gain = 182.504
---------------------------------------------------------------------------------
Synthesis finished with 0 errors, 0 critical warnings and 0 warnings.
Synthesis Optimization Runtime : Time (s): cpu = 00:00:29 ; elapsed = 00:00:50 . Memory (MB): peak = 1368.969 ; gain = 107.488
Synthesis Optimization Complete : Time (s): cpu = 00:00:50 ; elapsed = 00:00:55 . Memory (MB): peak = 1368.969 ; gain = 182.504
INFO: [Project 1-571] Translating synthesized netlist
Netlist sorting complete. Time (s): cpu = 00:00:00 ; elapsed = 00:00:00 . Memory (MB): peak = 1381.004 ; gain = 0.000
INFO: [Project 1-570] Preparing netlist for logic optimization
INFO: [Opt 31-138] Pushed 0 inverter(s) to 0 load pin(s).
Netlist sorting complete. Time (s): cpu = 00:00:00 ; elapsed = 00:00:00 . Memory (MB): peak = 1385.348 ; gain = 0.000
INFO: [Project 1-111] Unisim Transformation Summary:
No Unisim elements were transformed.

INFO: [Common 17-83] Releasing license: Synthesis
16 Infos, 1 Warnings, 0 Critical Warnings and 0 Errors encountered.
synth_design completed successfully
synth_design: Time (s): cpu = 00:01:00 ; elapsed = 00:01:15 . Memory (MB): peak = 1385.348 ; gain = 198.883
INFO: [Common 17-1381] The checkpoint 'C:/Users/azati/Own_IR_transmitter/Own_IR_transmitter.runs/design_1_transmitt_parallel_0_1_synth_1/design_1_transmitt_parallel_0_1.dcp' has been generated.
WARNING: [Common 17-576] 'use_project_ipc' is deprecated. This option is deprecated and no longer used.
INFO: [Common 17-1381] The checkpoint 'C:/Users/azati/Own_IR_transmitter/Own_IR_transmitter.runs/design_1_transmitt_parallel_0_1_synth_1/design_1_transmitt_parallel_0_1.dcp' has been generated.
INFO: [runtcl-4] Executing : report_utilization -file design_1_transmitt_parallel_0_1_utilization_synth.rpt -pb design_1_transmitt_parallel_0_1_utilization_synth.pb
INFO: [Common 17-206] Exiting Vivado at Tue Aug 19 18:54:36 2025...
