#-----------------------------------------------------------
# Vivado v2020.2 (64-bit)
# SW Build 3064766 on Wed Nov 18 09:12:45 MST 2020
# IP Build 3064653 on Wed Nov 18 14:17:31 MST 2020
# Start of session at: Sat Mar 21 20:16:40 2026
# Process ID: 19724
# Current directory: C:/Users/azati/OneDrive/Desktop/Own_IR_Standard/FPGA_Part/Own_IR_transmitter
# Command line: vivado.exe -gui_launcher_event rodinguilauncherevent3604 C:\Users\azati\OneDrive\Desktop\Own_IR_Standard\FPGA_Part\Own_IR_transmitter\Own_IR_transmitter.xpr
# Log file: C:/Users/azati/OneDrive/Desktop/Own_IR_Standard/FPGA_Part/Own_IR_transmitter/vivado.log
# Journal file: C:/Users/azati/OneDrive/Desktop/Own_IR_Standard/FPGA_Part/Own_IR_transmitter\vivado.jou
#-----------------------------------------------------------
start_gui
open_project C:/Users/azati/OneDrive/Desktop/Own_IR_Standard/FPGA_Part/Own_IR_transmitter/Own_IR_transmitter.xpr
Scanning sources...
Finished scanning sources
INFO: [IP_Flow 19-234] Refreshing IP repositories
INFO: [IP_Flow 19-1704] No user IP repositories specified
INFO: [IP_Flow 19-2313] Loaded Vivado IP repository 'C:/Xilinx/Vivado/2020.2/data/ip'.
open_project: Time (s): cpu = 00:00:25 ; elapsed = 00:00:40 . Memory (MB): peak = 1112.773 ; gain = 32.824
exit
INFO: [Common 17-206] Exiting Vivado at Sat Mar 21 20:19:11 2026...
