#-----------------------------------------------------------
# Vivado v2020.2 (64-bit)
# SW Build 3064766 on Wed Nov 18 09:12:45 MST 2020
# IP Build 3064653 on Wed Nov 18 14:17:31 MST 2020
# Start of session at: Fri Mar 20 14:15:01 2026
# Process ID: 20608
# Current directory: C:/Users/azati/OneDrive/Desktop/Own_IR_Standard/FPGA_Part/Own_IR_transmitter
# Command line: vivado.exe -gui_launcher_event rodinguilauncherevent26244 C:\Users\azati\OneDrive\Desktop\Own_IR_Standard\FPGA_Part\Own_IR_transmitter\Own_IR_transmitter.xpr
# Log file: C:/Users/azati/OneDrive/Desktop/Own_IR_Standard/FPGA_Part/Own_IR_transmitter/vivado.log
# Journal file: C:/Users/azati/OneDrive/Desktop/Own_IR_Standard/FPGA_Part/Own_IR_transmitter\vivado.jou
#-----------------------------------------------------------
start_gui
open_project C:/Users/azati/OneDrive/Desktop/Own_IR_Standard/FPGA_Part/Own_IR_transmitter/Own_IR_transmitter.xpr
Scanning sources...
Finished scanning sources
INFO: [IP_Flow 19-234] Refreshing IP repositories
INFO: [IP_Flow 19-1704] No user IP repositories specified
INFO: [IP_Flow 19-2313] Loaded Vivado IP repository 'C:/Xilinx/Vivado/2020.2/data/ip'.
open_project: Time (s): cpu = 00:00:31 ; elapsed = 00:00:32 . Memory (MB): peak = 1170.555 ; gain = 94.613
exit
INFO: [Common 17-206] Exiting Vivado at Fri Mar 20 14:17:32 2026...
ERROR: [Common 17-180] Spawn failed: No error
