#-----------------------------------------------------------
# Vivado v2020.2 (64-bit)
# SW Build 3064766 on Wed Nov 18 09:12:45 MST 2020
# IP Build 3064653 on Wed Nov 18 14:17:31 MST 2020
# Start of session at: Sat Mar 21 20:19:15 2026
# Process ID: 23176
# Current directory: C:/Users/azati/OneDrive/Desktop/Own_IR_Standard/FPGA_Part/Own_IR_transmitter
# Command line: vivado.exe -gui_launcher_event rodinguilauncherevent14720 C:\Users\azati\OneDrive\Desktop\Own_IR_Standard\FPGA_Part\Own_IR_transmitter\Own_IR_transmitter.xpr
# Log file: C:/Users/azati/OneDrive/Desktop/Own_IR_Standard/FPGA_Part/Own_IR_transmitter/vivado.log
# Journal file: C:/Users/azati/OneDrive/Desktop/Own_IR_Standard/FPGA_Part/Own_IR_transmitter\vivado.jou
#-----------------------------------------------------------
start_gui
open_project C:/Users/azati/OneDrive/Desktop/Own_IR_Standard/FPGA_Part/Own_IR_transmitter/Own_IR_transmitter.xpr
Scanning sources...
Finished scanning sources
INFO: [IP_Flow 19-234] Refreshing IP repositories
INFO: [IP_Flow 19-1704] No user IP repositories specified
INFO: [IP_Flow 19-2313] Loaded Vivado IP repository 'C:/Xilinx/Vivado/2020.2/data/ip'.
open_project: Time (s): cpu = 00:00:22 ; elapsed = 00:00:11 . Memory (MB): peak = 1141.484 ; gain = 32.758
update_compile_order -fileset sources_1
open_bd_design {C:/Users/azati/OneDrive/Desktop/Own_IR_Standard/FPGA_Part/Own_IR_transmitter/Own_IR_transmitter.srcs/sources_1/bd/design_1/design_1.bd}
Reading block design file <C:/Users/azati/OneDrive/Desktop/Own_IR_Standard/FPGA_Part/Own_IR_transmitter/Own_IR_transmitter.srcs/sources_1/bd/design_1/design_1.bd>...
Adding component instance block -- xilinx.com:ip:axi_interconnect:2.1 - axi_interconnect_0
Adding component instance block -- xilinx.com:ip:axi_crossbar:2.1 - xbar
Adding component instance block -- xilinx.com:ip:axi_crossbar:2.1 - tier2_xbar_0
Adding component instance block -- xilinx.com:ip:axi_crossbar:2.1 - tier2_xbar_1
Adding component instance block -- xilinx.com:ip:axi_crossbar:2.1 - tier2_xbar_2
Adding component instance block -- xilinx.com:ip:axi_crossbar:2.1 - tier2_xbar_3
Adding component instance block -- xilinx.com:ip:axi_protocol_converter:2.1 - auto_pc
Adding component instance block -- xilinx.com:ip:axi_gpio:2.0 - axi_gpio_0
Adding component instance block -- xilinx.com:ip:axi_gpio:2.0 - axi_gpio_2
Adding component instance block -- xilinx.com:ip:axi_gpio:2.0 - axi_gpio_1
Adding component instance block -- xilinx.com:ip:processing_system7:5.5 - processing_system7_0
Adding component instance block -- xilinx.com:ip:proc_sys_reset:5.0 - rst_ps7_0_125M
Adding component instance block -- xilinx.com:module_ref:IR_transmission:1.0 - IR_transmission_3
Adding component instance block -- xilinx.com:ip:axi_gpio:2.0 - axi_gpio_3
Adding component instance block -- xilinx.com:module_ref:IR_transmission:1.0 - IR_transmission_1
Adding component instance block -- xilinx.com:module_ref:IR_transmission:1.0 - IR_transmission_2
Adding component instance block -- xilinx.com:ip:axi_gpio:2.0 - axi_gpio_4
Adding component instance block -- xilinx.com:ip:axi_gpio:2.0 - axi_gpio_5
Adding component instance block -- xilinx.com:ip:axi_gpio:2.0 - axi_gpio_6
Adding component instance block -- xilinx.com:ip:axi_gpio:2.0 - axi_gpio_7
Adding component instance block -- xilinx.com:module_ref:IR_transmission:1.0 - IR_transmission_4
Adding component instance block -- xilinx.com:module_ref:IR_transmission:1.0 - IR_transmission_5
Adding component instance block -- xilinx.com:module_ref:IR_transmission:1.0 - IR_transmission_6
Adding component instance block -- xilinx.com:module_ref:IR_transmission:1.0 - IR_transmission_7
Adding component instance block -- xilinx.com:ip:axi_gpio:2.0 - axi_gpio_8
Adding component instance block -- xilinx.com:ip:axi_gpio:2.0 - axi_gpio_9
Adding component instance block -- xilinx.com:ip:axi_gpio:2.0 - axi_gpio_10
Adding component instance block -- xilinx.com:ip:axi_gpio:2.0 - axi_gpio_11
Adding component instance block -- xilinx.com:ip:axi_gpio:2.0 - axi_gpio_12
Adding component instance block -- xilinx.com:ip:axi_gpio:2.0 - axi_gpio_13
Adding component instance block -- xilinx.com:ip:axi_gpio:2.0 - axi_gpio_14
Adding component instance block -- xilinx.com:module_ref:IR_transmission:1.0 - IR_transmission_8
Adding component instance block -- xilinx.com:module_ref:IR_transmission:1.0 - IR_transmission_9
Adding component instance block -- xilinx.com:module_ref:IR_transmission:1.0 - IR_transmission_10
Adding component instance block -- xilinx.com:module_ref:IR_transmission:1.0 - IR_transmission_11
Adding component instance block -- xilinx.com:module_ref:IR_transmission:1.0 - IR_transmission_12
Adding component instance block -- xilinx.com:module_ref:IR_transmission:1.0 - IR_transmission_13
Adding component instance block -- xilinx.com:module_ref:IR_transmission:1.0 - IR_transmission_14
Adding component instance block -- xilinx.com:ip:axi_gpio:2.0 - axi_gpio_15
Adding component instance block -- xilinx.com:ip:axi_gpio:2.0 - axi_gpio_16
Adding component instance block -- xilinx.com:ip:axi_gpio:2.0 - axi_gpio_17
Adding component instance block -- xilinx.com:ip:axi_gpio:2.0 - axi_gpio_18
Adding component instance block -- xilinx.com:ip:axi_gpio:2.0 - axi_gpio_19
Adding component instance block -- xilinx.com:ip:axi_gpio:2.0 - axi_gpio_20
Adding component instance block -- xilinx.com:ip:axi_gpio:2.0 - axi_gpio_21
Adding component instance block -- xilinx.com:ip:axi_gpio:2.0 - axi_gpio_22
Adding component instance block -- xilinx.com:ip:axi_gpio:2.0 - axi_gpio_23
Adding component instance block -- xilinx.com:ip:axi_gpio:2.0 - axi_gpio_24
Adding component instance block -- xilinx.com:module_ref:IR_transmission:1.0 - IR_transmission_15
Adding component instance block -- xilinx.com:module_ref:IR_transmission:1.0 - IR_transmission_16
Adding component instance block -- xilinx.com:module_ref:IR_transmission:1.0 - IR_transmission_17
Adding component instance block -- xilinx.com:module_ref:IR_transmission:1.0 - IR_transmission_18
Adding component instance block -- xilinx.com:module_ref:IR_transmission:1.0 - IR_transmission_19
Adding component instance block -- xilinx.com:module_ref:IR_transmission:1.0 - IR_transmission_20
Adding component instance block -- xilinx.com:module_ref:IR_transmission:1.0 - IR_transmission_21
Adding component instance block -- xilinx.com:module_ref:IR_transmission:1.0 - IR_transmission_22
Adding component instance block -- xilinx.com:module_ref:IR_transmission:1.0 - IR_transmission_23
Adding component instance block -- xilinx.com:module_ref:IR_transmission:1.0 - IR_transmission_24
Successfully read diagram <design_1> from block design file <C:/Users/azati/OneDrive/Desktop/Own_IR_Standard/FPGA_Part/Own_IR_transmitter/Own_IR_transmitter.srcs/sources_1/bd/design_1/design_1.bd>
open_bd_design: Time (s): cpu = 00:00:12 ; elapsed = 00:00:14 . Memory (MB): peak = 1324.410 ; gain = 46.789
startgroup
set_property -dict [list CONFIG.CARRIER_FREQ {50000}] [get_bd_cells IR_transmission_2]
endgroup
startgroup
set_property -dict [list CONFIG.CARRIER_FREQ {40000}] [get_bd_cells IR_transmission_2]
endgroup
save_bd_design
Wrote  : <C:\Users\azati\OneDrive\Desktop\Own_IR_Standard\FPGA_Part\Own_IR_transmitter\Own_IR_transmitter.srcs\sources_1\bd\design_1\design_1.bd> 
Wrote  : <C:/Users/azati/OneDrive/Desktop/Own_IR_Standard/FPGA_Part/Own_IR_transmitter/Own_IR_transmitter.srcs/sources_1/bd/design_1/ui/bd_1f5defd0.ui> 
exit
INFO: [Common 17-206] Exiting Vivado at Sat Mar 21 22:15:55 2026...
ERROR: [Common 17-180] Spawn failed: No error
INFO: [filemgmt 56-326] User Interrupt. Could not getCurrentGraph()
INFO: [filemgmt 56-326] User Interrupt. Could not getCurrentGraph()
